<?xml version="1.0" encoding="UTF-8"?>
<!-- Generated by org.testng.reporters.JUnitXMLReporter -->
<testsuite ignored="11" hostname="LAPTOP-3QEC0TB8" failures="0" tests="3" name="Test" time="0.298" errors="0" timestamp="2022-09-26T11:16:40 IST">
  <testcase classname="testng.T02_Customerodule" name="createcustomer" time="0.038"/>
  <testcase classname="testng.T02_Customerodule" name="deleteCustomer" time="0.012"/>
  <testcase classname="testng.T02_Customerodule" name="modifyCustomer" time="0.022"/>
  <testcase classname="testng.TW05_ActiProperty" name="act" time="0.0">
    <ignored/>
  </testcase> <!-- act -->
  <testcase classname="testng.T01_Demo" name="testDemo" time="0.0">
    <ignored/>
  </testcase> <!-- testDemo -->
  <testcase classname="testng.TW01_veryfiy" name="verifytitle" time="0.0">
    <ignored/>
  </testcase> <!-- verifytitle -->
  <testcase classname="testng.TW02_VerifyTitle" name="verify" time="0.0">
    <ignored/>
  </testcase> <!-- verify -->
  <testcase classname="testng.T03_Annotation" name="deletecustomer" time="0.0">
    <ignored/>
  </testcase> <!-- deletecustomer -->
  <testcase classname="testng.T03_Annotation" name="createcustomer" time="0.0">
    <ignored/>
  </testcase> <!-- createcustomer -->
  <testcase classname="testng.TW03_VerifyTitleSoft" name="testVerifyTitle" time="0.0">
    <ignored/>
  </testcase> <!-- testVerifyTitle -->
  <testcase classname="testng.T04_Annotation" name="deleteCustomer" time="0.0">
    <ignored/>
  </testcase> <!-- deleteCustomer -->
  <testcase classname="testng.T05_customer" name="createCustomer" time="0.0">
    <ignored/>
  </testcase> <!-- createCustomer -->
  <testcase classname="testng.T04_Annotation" name="registerCustomer" time="0.0">
    <ignored/>
  </testcase> <!-- registerCustomer -->
  <testcase classname="testng.TW04_ActiTime" name="act" time="0.0">
    <ignored/>
  </testcase> <!-- act -->
</testsuite> <!-- Test -->
